{"/home/wilian/vscode-projects/FSM/iniciando-testes/projeto-teste/negocio/files.test.js":{"path":"/home/wilian/vscode-projects/FSM/iniciando-testes/projeto-teste/negocio/files.test.js","s":{"1":1,"2":1,"3":1,"4":1,"5":1,"6":1,"7":2,"8":2,"9":1,"10":1,"11":1,"12":1,"13":1,"14":1,"15":1,"16":1,"17":1,"18":0,"19":0,"20":0,"21":0,"22":0},"b":{},"f":{},"fnMap":{},"statementMap":{"1":{"start":{"line":1,"column":0},"end":{"line":1,"column":32}},"2":{"start":{"line":2,"column":0},"end":{"line":2,"column":37}},"3":{"start":{"line":3,"column":0},"end":{"line":3,"column":24}},"4":{"start":{"line":4,"column":0},"end":{"line":4,"column":30}},"5":{"start":{"line":6,"column":0},"end":{"line":35,"column":2}},"6":{"start":{"line":8,"column":2},"end":{"line":11,"column":4}},"7":{"start":{"line":9,"column":4},"end":{"line":9,"column":22}},"8":{"start":{"line":10,"column":4},"end":{"line":10,"column":10}},"9":{"start":{"line":13,"column":2},"end":{"line":22,"column":4}},"10":{"start":{"line":14,"column":4},"end":{"line":16,"column":6}},"11":{"start":{"line":15,"column":6},"end":{"line":15,"column":29}},"12":{"start":{"line":17,"column":4},"end":{"line":17,"column":21}},"13":{"start":{"line":18,"column":4},"end":{"line":21,"column":6}},"14":{"start":{"line":19,"column":6},"end":{"line":19,"column":37}},"15":{"start":{"line":20,"column":6},"end":{"line":20,"column":58}},"16":{"start":{"line":24,"column":2},"end":{"line":34,"column":4}},"17":{"start":{"line":25,"column":4},"end":{"line":27,"column":6}},"18":{"start":{"line":26,"column":6},"end":{"line":26,"column":17}},"19":{"start":{"line":28,"column":4},"end":{"line":28,"column":21}},"20":{"start":{"line":29,"column":4},"end":{"line":33,"column":8}},"21":{"start":{"line":31,"column":8},"end":{"line":31,"column":37}},"22":{"start":{"line":32,"column":8},"end":{"line":32,"column":60}}},"branchMap":{}},"/home/wilian/vscode-projects/FSM/iniciando-testes/projeto-teste/negocio/files.js":{"path":"/home/wilian/vscode-projects/FSM/iniciando-testes/projeto-teste/negocio/files.js","s":{"1":1,"2":1,"3":1,"4":1,"5":1,"6":1,"7":0,"8":1,"9":1},"b":{"1":[0,1]},"f":{},"fnMap":{},"statementMap":{"1":{"start":{"line":1,"column":0},"end":{"line":1,"column":24}},"2":{"start":{"line":2,"column":0},"end":{"line":2,"column":35}},"3":{"start":{"line":4,"column":0},"end":{"line":14,"column":1}},"4":{"start":{"line":5,"column":2},"end":{"line":13,"column":4}},"5":{"start":{"line":6,"column":4},"end":{"line":12,"column":6}},"6":{"start":{"line":7,"column":6},"end":{"line":11,"column":7}},"7":{"start":{"line":8,"column":8},"end":{"line":8,"column":19}},"8":{"start":{"line":10,"column":8},"end":{"line":10,"column":21}},"9":{"start":{"line":16,"column":0},"end":{"line":18,"column":1}}},"branchMap":{"1":{"line":7,"type":"if","locations":[{"start":{"line":7,"column":6},"end":{"line":7,"column":6}},{"start":{"line":7,"column":6},"end":{"line":7,"column":6}}]}}},"/home/wilian/vscode-projects/FSM/iniciando-testes/projeto-teste/negocio/juros.test.js":{"path":"/home/wilian/vscode-projects/FSM/iniciando-testes/projeto-teste/negocio/juros.test.js","s":{"1":1,"2":1,"3":1,"4":1,"5":1,"6":1,"7":1,"8":1},"b":{},"f":{},"fnMap":{},"statementMap":{"1":{"start":{"line":1,"column":0},"end":{"line":1,"column":32}},"2":{"start":{"line":2,"column":0},"end":{"line":2,"column":37}},"3":{"start":{"line":4,"column":0},"end":{"line":12,"column":2}},"4":{"start":{"line":5,"column":2},"end":{"line":11,"column":4}},"5":{"start":{"line":6,"column":4},"end":{"line":6,"column":54}},"6":{"start":{"line":7,"column":4},"end":{"line":7,"column":35}},"7":{"start":{"line":9,"column":4},"end":{"line":9,"column":54}},"8":{"start":{"line":10,"column":4},"end":{"line":10,"column":35}}},"branchMap":{}},"/home/wilian/vscode-projects/FSM/iniciando-testes/projeto-teste/negocio/juros.js":{"path":"/home/wilian/vscode-projects/FSM/iniciando-testes/projeto-teste/negocio/juros.js","s":{"1":1,"2":2,"3":1},"b":{},"f":{},"fnMap":{},"statementMap":{"1":{"start":{"line":1,"column":0},"end":{"line":1,"column":56}},"2":{"start":{"line":1,"column":34},"end":{"line":1,"column":56}},"3":{"start":{"line":3,"column":0},"end":{"line":5,"column":1}}},"branchMap":{}}}