TN:
SF:/home/wilian/vscode-projects/FSM/iniciando-testes/projeto-teste/negocio/files.test.js
FNF:0
FNH:0
DA:1,1
DA:2,1
DA:3,1
DA:4,1
DA:6,1
DA:8,1
DA:9,2
DA:10,2
DA:13,1
DA:14,1
DA:15,1
DA:17,1
DA:18,1
DA:19,1
DA:20,1
DA:24,1
DA:25,1
DA:26,0
DA:28,0
DA:29,0
DA:31,0
DA:32,0
LF:22
LH:17
BRF:0
BRH:0
end_of_record
TN:
SF:/home/wilian/vscode-projects/FSM/iniciando-testes/projeto-teste/negocio/files.js
FNF:0
FNH:0
DA:1,1
DA:2,1
DA:4,1
DA:5,1
DA:6,1
DA:7,1
DA:8,0
DA:10,1
DA:16,1
LF:9
LH:8
BRDA:7,1,0,0
BRDA:7,1,1,1
BRF:2
BRH:1
end_of_record
TN:
SF:/home/wilian/vscode-projects/FSM/iniciando-testes/projeto-teste/negocio/juros.test.js
FNF:0
FNH:0
DA:1,1
DA:2,1
DA:4,1
DA:5,1
DA:6,1
DA:7,1
DA:9,1
DA:10,1
LF:8
LH:8
BRF:0
BRH:0
end_of_record
TN:
SF:/home/wilian/vscode-projects/FSM/iniciando-testes/projeto-teste/negocio/juros.js
FNF:0
FNH:0
DA:1,2
DA:3,1
LF:2
LH:2
BRF:0
BRH:0
end_of_record
